<?xml version="1.0" encoding="UTF-8"?>
<testsuite name="com.tbo.bookapp.service.BookMetadataServiceTest" tests="2" skipped="0" failures="0" errors="0" timestamp="2018-02-11T23:48:32" hostname="Tais-MacBook-Pro.local" time="0.019">
  <properties/>
  <testcase name="delete" classname="com.tbo.bookapp.service.BookMetadataServiceTest" time="0.012"/>
  <testcase name="save" classname="com.tbo.bookapp.service.BookMetadataServiceTest" time="0.007"/>
  <system-out><![CDATA[]]></system-out>
  <system-err><![CDATA[]]></system-err>
</testsuite>
